<?xml version="1.0" encoding="UTF-8"?>
<testsuite name="is.ru.stringcalculator.CalculatorTest" tests="6" skipped="0" failures="0" errors="0" timestamp="2017-10-13T13:04:00" hostname="Ingó" time="0.008">
  <properties/>
  <testcase name="testMultipleNumbers" classname="is.ru.stringcalculator.CalculatorTest" time="0.004"/>
  <testcase name="testEmptyString" classname="is.ru.stringcalculator.CalculatorTest" time="0.0"/>
  <testcase name="testNewLine" classname="is.ru.stringcalculator.CalculatorTest" time="0.0"/>
  <testcase name="testNegative" classname="is.ru.stringcalculator.CalculatorTest" time="0.0"/>
  <testcase name="testTwoNumbers" classname="is.ru.stringcalculator.CalculatorTest" time="0.0"/>
  <testcase name="testOneNumber" classname="is.ru.stringcalculator.CalculatorTest" time="0.0"/>
  <system-out><![CDATA[]]></system-out>
  <system-err><![CDATA[]]></system-err>
</testsuite>
